<?xml version="1.0" encoding="UTF-8"?>
<testng-results ignored="0" total="1" passed="0" failed="1" skipped="0">
  <reporter-output>
  </reporter-output>
  <suite started-at="2024-04-05T10:58:53 IST" name="Default suite" finished-at="2024-04-05T10:59:08 IST" duration-ms="15105">
    <groups>
    </groups>
    <test started-at="2024-04-05T10:58:53 IST" name="Default test" finished-at="2024-04-05T10:59:08 IST" duration-ms="15105">
      <class name="com.bankingproject.testdata.Mulitple_Login_Verification">
        <test-method is-config="true" signature="setReport()[pri:0, instance:com.bankingproject.testdata.Mulitple_Login_Verification@37afeb11]" started-at="2024-04-05T10:58:52 IST" name="setReport" finished-at="2024-04-05T10:58:53 IST" duration-ms="605" status="PASS">
          <reporter-output>
          </reporter-output>
        </test-method> <!-- setReport -->
        <test-method is-config="true" signature="openBrowser()[pri:0, instance:com.bankingproject.testdata.Mulitple_Login_Verification@37afeb11]" started-at="2024-04-05T10:58:53 IST" name="openBrowser" finished-at="2024-04-05T10:59:00 IST" duration-ms="6894" status="PASS">
          <reporter-output>
          </reporter-output>
        </test-method> <!-- openBrowser -->
        <test-method signature="firstlogintest()[pri:0, instance:com.bankingproject.testdata.Mulitple_Login_Verification@37afeb11]" started-at="2024-04-05T10:59:00 IST" name="firstlogintest" finished-at="2024-04-05T10:59:07 IST" duration-ms="7711" status="FAIL">
          <exception class="java.lang.IllegalStateException">
            <message>
              <![CDATA[Cannot get a STRING value from a NUMERIC cell]]>
            </message>
            <full-stacktrace>
              <![CDATA[java.lang.IllegalStateException: Cannot get a STRING value from a NUMERIC cell
at org.apache.poi.xssf.usermodel.XSSFCell.typeMismatch(XSSFCell.java:984)
at org.apache.poi.xssf.usermodel.XSSFCell.getRichStringCellValue(XSSFCell.java:311)
at org.apache.poi.xssf.usermodel.XSSFCell.getStringCellValue(XSSFCell.java:280)
at com.bankingproject.utilities.getDataFromExcel.getData(getDataFromExcel.java:22)
at com.bankingproject.testdata.Mulitple_Login_Verification.firstlogintest(Mulitple_Login_Verification.java:25)
at java.base/jdk.internal.reflect.DirectMethodHandleAccessor.invoke(DirectMethodHandleAccessor.java:103)
at java.base/java.lang.reflect.Method.invoke(Method.java:580)
at org.testng.internal.MethodInvocationHelper.invokeMethod(MethodInvocationHelper.java:133)
at org.testng.internal.TestInvoker.invokeMethod(TestInvoker.java:598)
at org.testng.internal.TestInvoker.invokeTestMethod(TestInvoker.java:173)
at org.testng.internal.MethodRunner.runInSequence(MethodRunner.java:46)
at org.testng.internal.TestInvoker$MethodInvocationAgent.invoke(TestInvoker.java:824)
at org.testng.internal.TestInvoker.invokeTestMethods(TestInvoker.java:146)
at org.testng.internal.TestMethodWorker.invokeTestMethods(TestMethodWorker.java:146)
at org.testng.internal.TestMethodWorker.run(TestMethodWorker.java:128)
at java.base/java.util.ArrayList.forEach(ArrayList.java:1596)
at org.testng.TestRunner.privateRun(TestRunner.java:794)
at org.testng.TestRunner.run(TestRunner.java:596)
at org.testng.SuiteRunner.runTest(SuiteRunner.java:377)
at org.testng.SuiteRunner.runSequentially(SuiteRunner.java:371)
at org.testng.SuiteRunner.privateRun(SuiteRunner.java:332)
at org.testng.SuiteRunner.run(SuiteRunner.java:276)
at org.testng.SuiteRunnerWorker.runSuite(SuiteRunnerWorker.java:53)
at org.testng.SuiteRunnerWorker.run(SuiteRunnerWorker.java:96)
at org.testng.TestNG.runSuitesSequentially(TestNG.java:1212)
at org.testng.TestNG.runSuitesLocally(TestNG.java:1134)
at org.testng.TestNG.runSuites(TestNG.java:1063)
at org.testng.TestNG.run(TestNG.java:1031)
at org.testng.remote.AbstractRemoteTestNG.run(AbstractRemoteTestNG.java:115)
at org.testng.remote.RemoteTestNG.initAndRun(RemoteTestNG.java:251)
at org.testng.remote.RemoteTestNG.main(RemoteTestNG.java:77)
]]>
            </full-stacktrace>
          </exception> <!-- java.lang.IllegalStateException -->
          <reporter-output>
          </reporter-output>
        </test-method> <!-- firstlogintest -->
        <test-method is-config="true" signature="closebrowser()[pri:0, instance:com.bankingproject.testdata.Mulitple_Login_Verification@37afeb11]" started-at="2024-04-05T10:59:07 IST" name="closebrowser" finished-at="2024-04-05T10:59:08 IST" duration-ms="433" status="PASS">
          <reporter-output>
          </reporter-output>
        </test-method> <!-- closebrowser -->
        <test-method is-config="true" signature="endReport()[pri:0, instance:com.bankingproject.testdata.Mulitple_Login_Verification@37afeb11]" started-at="2024-04-05T10:59:08 IST" name="endReport" finished-at="2024-04-05T10:59:09 IST" duration-ms="739" status="PASS">
          <reporter-output>
          </reporter-output>
        </test-method> <!-- endReport -->
      </class> <!-- com.bankingproject.testdata.Mulitple_Login_Verification -->
    </test> <!-- Default test -->
  </suite> <!-- Default suite -->
</testng-results>
